AlJefra OS AI — Binary Evolution Engine
========================================

Checking prerequisites...
  OK

Initializing GPU...
CUDA: Using NVIDIA GeForce RTX 5090 (170 SMs, 32109 MB VRAM)
  GPU acceleration: ENABLED (NVIDIA GeForce RTX 5090)

Loading kernel binary...
  Loaded 20480 bytes

Parsing listing file...
  Parsed 9161 listing lines
Decoding kernel instructions...
  Decoded 8192 instructions

Building component map...
  Found 512 labels in listing
  Component kernel      : 0x100000 - 0x1042d9 (3815 instructions, 64 functions)
  Component memory      : 0x1001b9 - 0x1003d9 (138 instructions, 10 functions)
  Component smp         : 0x100120 - 0x100c62 (192 instructions, 29 functions)
  Component network     : 0x10050b - 0x102447 (820 instructions, 64 functions)
  Component storage     : 0x1004b9 - 0x101c10 (318 instructions, 26 functions)
  Component gpu_driver  : 0x100c62 - 0x100c87 (20 instructions, 29 functions)
  Component bus         : 0x1003d9 - 0x10193b (229 instructions, 33 functions)
  Component interrupts  : 0x101251 - 0x103479 (767 instructions, 51 functions)
  Component timer       : 0x1016a9 - 0x101896 (161 instructions, 24 functions)
  Component io          : 0x1005e4 - 0x102ed8 (1139 instructions, 64 functions)
  Component syscalls    : 0x10072b - 0x101251 (461 instructions, 64 functions)
  Component scheduler   : 0x100e09 - 0x100fba (132 instructions, 12 functions)
  Found 12 active components


=== Evolving: storage ===
  Region: 0x1004b9 - 0x101c10 (318 instructions)
  Running baseline QEMU benchmark...
QEMU 9.2.1 monitor - type 'help' for more information
(qemu) qemu-system-x86_64: terminating on signal 15 from pid 2369582 (sh)
  Baseline QEMU score: 0.0000

  Functions sorted by cost (top 20):
     1. os_bus_read_bar                  51 instrs  [0x0656-0x06e4] (142 bytes)
     2. os_debug_block                   33 instrs  [0x087f-0x08ea] (107 bytes)
     3. os_debug_dump_al                 26 instrs  [0x0776-0x07c6] (80 bytes)
     4. b_net_tx                         23 instrs  [0x0a11-0x0a65] (84 bytes)
     5. nextchar                         19 instrs  [0x07f1-0x0826] (53 bytes)
     6. os_debug_string                  16 instrs  [0x085c-0x087f] (35 bytes)
     7. os_debug_dump_mem                15 instrs  [0x07c6-0x07ef] (41 bytes)
     8. b_net_status                     14 instrs  [0x09b8-0x09e4] (44 bytes)
     9. b_nvs_read_sector                13 instrs  [0x0914-0x093b] (39 bytes)
    10. b_net_config                     13 instrs  [0x09e7-0x0a0c] (37 bytes)
    11. b_nvs_write_sector               13 instrs  [0x0950-0x0977] (39 bytes)
    12. os_debug_block_nextline          12 instrs  [0x08ea-0x0902] (24 bytes)
    13. b_nvs_write                      10 instrs  [0x093b-0x0950] (21 bytes)
    14. os_debug_dump_rax                 9 instrs  [0x072b-0x0753] (40 bytes)
    15. b_nvs_read                        9 instrs  [0x0902-0x0914] (18 bytes)
    16. init_net_check_bus                8 instrs  [0x0530-0x054d] (29 bytes)
    17. init_net_probe_find_driver        8 instrs  [0x054d-0x056a] (29 bytes)
    18. b_output_serial_next              8 instrs  [0x0995-0x09a7] (18 bytes)
    19. init_nvs_check_bus                8 instrs  [0x04d0-0x04e9] (25 bytes)
    20. os_bus_cap_check                  8 instrs  [0x06f9-0x0710] (23 bytes)
    [GPU] 1 threads x 0 iters = 0.0M evals | range [0x0-0x1]
    [GPU] Launching 1 blocks x 256 threads...
    [GPU] Best: thread 0 fitness=59.29

  Baseline GPU fitness: 59.29

  ── GPU Evolution + Security Analysis ──
  Ratio allocation: scaling GPU time by function size
  Total: 64 functions, 485 instructions

  [1/64] os_bus_read_bar                51 instrs [0x0656-0x06e4] → 750K iters
    [GPU] 65536 threads x 750000 iters = 49152.0M evals | range [0x656-0x6e4]
    [GPU] Launching 256 blocks x 256 threads...
    [GPU] Best: thread 728 fitness=59.59
    Security: fragility=16.6% worst=58.58 avg_muts=54363 [FRAGILE!] [CRITICAL VULNERABILITY]
    Optimize: 59.29 → 59.59 (+0.31, +0.52%)
    ACCEPTED ✓ (cumulative fitness: 59.59)
  [2/64] os_debug_block                 33 instrs [0x087f-0x08ea] → 500K iters
    [GPU] 65536 threads x 500000 iters = 32768.0M evals | range [0x87f-0x8ea]
    [GPU] Launching 256 blocks x 256 threads...
    [GPU] Best: thread 0 fitness=59.63
    Security: fragility=16.2% worst=58.87 avg_muts=20555 [FRAGILE!] [CRITICAL VULNERABILITY]
    Optimize: 59.59 → 59.63 (+0.03, +0.06%)
    ACCEPTED ✓ (cumulative fitness: 59.63)
  [3/64] os_debug_dump_al               26 instrs [0x0776-0x07c6] → 350K iters
    [GPU] 65536 threads x 350000 iters = 22937.6M evals | range [0x776-0x7c6]
    [GPU] Launching 256 blocks x 256 threads...
    [GPU] Best: thread 1 fitness=59.67
    Security: fragility=16.1% worst=58.94 avg_muts=2871 [FRAGILE!] [CRITICAL VULNERABILITY]
    Optimize: 59.63 → 59.67 (+0.04, +0.07%)
    ACCEPTED ✓ (cumulative fitness: 59.67)
  [4/64] b_net_tx                       23 instrs [0x0a11-0x0a65] → 350K iters
    [GPU] 65536 threads x 350000 iters = 22937.6M evals | range [0xa11-0xa65]
    [GPU] Launching 256 blocks x 256 threads...
    [GPU] Best: thread 23101 fitness=59.84
    Security: fragility=16.0% worst=58.98 avg_muts=18218 [FRAGILE!] [CRITICAL VULNERABILITY]
    Optimize: 59.67 → 59.84 (+0.18, +0.29%)
SAFETY: LOCK prefix removed at 0x100a5b
    REJECTED (safety check failed)
  [5/64] nextchar                       19 instrs [0x07f1-0x0826] → 350K iters
    [GPU] 65536 threads x 350000 iters = 22937.6M evals | range [0x7f1-0x826]
    [GPU] Launching 256 blocks x 256 threads...
    [GPU] Best: thread 27105 fitness=59.84
    Security: fragility=16.0% worst=58.98 avg_muts=22692 [FRAGILE!] [CRITICAL VULNERABILITY]
    Optimize: 59.67 → 59.84 (+0.17, +0.28%)
    ACCEPTED ✓ (cumulative fitness: 59.84)
  [6/64] os_debug_string                16 instrs [0x085c-0x087f] → 350K iters
    [GPU] 65536 threads x 350000 iters = 22937.6M evals | range [0x85c-0x87f]
    [GPU] Launching 256 blocks x 256 threads...
    [GPU] Best: thread 0 fitness=59.84
    Security: fragility=15.1% worst=59.62 avg_muts=13438 [FRAGILE!] [CRITICAL VULNERABILITY]
    no improvement (59.84)
  [7/64] os_debug_dump_mem              15 instrs [0x07c6-0x07ef] → 150K iters
    [GPU] 65536 threads x 150000 iters = 9830.4M evals | range [0x7c6-0x7ef]
    [GPU] Launching 256 blocks x 256 threads...
    [GPU] Best: thread 0 fitness=59.91
    Security: fragility=15.8% worst=59.14 avg_muts=6632 [FRAGILE!] [CRITICAL VULNERABILITY]
    Optimize: 59.84 → 59.91 (+0.07, +0.12%)
    ACCEPTED ✓ (cumulative fitness: 59.91)
  [8/64] b_net_status                   14 instrs [0x09b8-0x09e4] → 150K iters
    [GPU] 65536 threads x 150000 iters = 9830.4M evals | range [0x9b8-0x9e4]
    [GPU] Launching 256 blocks x 256 threads...
    [GPU] Best: thread 0 fitness=59.92
    Security: fragility=14.8% worst=59.84 avg_muts=6072 [FRAGILE!]
    Optimize: 59.91 → 59.92 (+0.01, +0.02%)
    ACCEPTED ✓ (cumulative fitness: 59.92)
  [9/64] b_nvs_read_sector              13 instrs [0x0914-0x093b] → 150K iters
    [GPU] 65536 threads x 150000 iters = 9830.4M evals | range [0x914-0x93b]
    [GPU] Launching 256 blocks x 256 threads...
    [GPU] Best: thread 0 fitness=59.97
    Security: fragility=15.0% worst=59.70 avg_muts=3365 [FRAGILE!]
    Optimize: 59.92 → 59.97 (+0.05, +0.08%)
    ACCEPTED ✓ (cumulative fitness: 59.97)
  [10/64] b_net_config                   13 instrs [0x09e7-0x0a0c] → 150K iters
    [GPU] 65536 threads x 150000 iters = 9830.4M evals | range [0x9e7-0xa0c]
    [GPU] Launching 256 blocks x 256 threads...
    [GPU] Best: thread 0 fitness=60.04
    Security: fragility=14.9% worst=59.77 avg_muts=5321 [FRAGILE!]
    Optimize: 59.97 → 60.04 (+0.07, +0.12%)
    ACCEPTED ✓ (cumulative fitness: 60.04)
  [11/64] b_nvs_write_sector             13 instrs [0x0950-0x0977] → 150K iters
    [GPU] 65536 threads x 150000 iters = 9830.4M evals | range [0x950-0x977]
    [GPU] Launching 256 blocks x 256 threads...
    [GPU] Best: thread 0 fitness=60.09
    Security: fragility=14.8% worst=59.82 avg_muts=3366 [FRAGILE!]
    Optimize: 60.04 → 60.09 (+0.05, +0.08%)
    ACCEPTED ✓ (cumulative fitness: 60.09)
  [12/64] os_debug_block_nextline        12 instrs [0x08ea-0x0902] → 150K iters
    [GPU] 65536 threads x 150000 iters = 9830.4M evals | range [0x8ea-0x902]
    [GPU] Launching 256 blocks x 256 threads...
    [GPU] Best: thread 6 fitness=60.18
    Security: fragility=15.4% worst=59.39 avg_muts=7632 [FRAGILE!] [CRITICAL VULNERABILITY]
    Optimize: 60.09 → 60.18 (+0.09, +0.15%)
    ACCEPTED ✓ (cumulative fitness: 60.18)
  [13/64] b_nvs_write                    10 instrs [0x093b-0x0950] → 150K iters
    [GPU] 65536 threads x 150000 iters = 9830.4M evals | range [0x93b-0x950]
    [GPU] Launching 256 blocks x 256 threads...
    [GPU] Best: thread 0 fitness=60.18
    Security: fragility=14.3% worst=60.18 avg_muts=4911 [FRAGILE!]
    no improvement (60.18)
  [14/64] os_debug_dump_rax              9 instrs [0x072b-0x0753] → 150K iters
    [GPU] 65536 threads x 150000 iters = 9830.4M evals | range [0x72b-0x753]
    [GPU] Launching 256 blocks x 256 threads...
    [GPU] Best: thread 672 fitness=60.26
    Security: fragility=15.3% worst=59.49 avg_muts=7383 [FRAGILE!] [CRITICAL VULNERABILITY]
    Optimize: 60.18 → 60.26 (+0.07, +0.12%)
    ACCEPTED ✓ (cumulative fitness: 60.26)
  [15/64] b_nvs_read                     9 instrs [0x0902-0x0914] → 150K iters
    [GPU] 65536 threads x 150000 iters = 9830.4M evals | range [0x902-0x914]
    [GPU] Launching 256 blocks x 256 threads...
    [GPU] Best: thread 0 fitness=60.26
    Security: fragility=14.2% worst=60.26 avg_muts=1823 [FRAGILE!]
    no improvement (60.26)
  [16/64] init_net_check_bus             8 instrs [0x0530-0x054d] → 150K iters
    [GPU] 65536 threads x 150000 iters = 9830.4M evals | range [0x530-0x54d]
    [GPU] Launching 256 blocks x 256 threads...
    [GPU] Best: thread 0 fitness=60.26
    Security: fragility=14.2% worst=60.26 avg_muts=3394 [FRAGILE!]
    no improvement (60.26)
  [17/64] init_net_probe_find_driver     8 instrs [0x054d-0x056a] → 150K iters
    [GPU] 65536 threads x 150000 iters = 9830.4M evals | range [0x54d-0x56a]
    [GPU] Launching 256 blocks x 256 threads...
    [GPU] Best: thread 0 fitness=60.27
    Security: fragility=14.2% worst=60.23 avg_muts=5657 [FRAGILE!]
    Optimize: 60.26 → 60.27 (+0.01, +0.02%)
    ACCEPTED ✓ (cumulative fitness: 60.27)
  [18/64] b_output_serial_next           8 instrs [0x0995-0x09a7] → 150K iters
    [GPU] 65536 threads x 150000 iters = 9830.4M evals | range [0x995-0x9a7]
    [GPU] Launching 256 blocks x 256 threads...
    [GPU] Best: thread 0 fitness=60.27
    Security: fragility=14.2% worst=60.27 avg_muts=0 [DEAD CODE?] [FRAGILE!]
    no improvement (60.27)
  [19/64] init_nvs_check_bus             8 instrs [0x04d0-0x04e9] → 150K iters
    [GPU] 65536 threads x 150000 iters = 9830.4M evals | range [0x4d0-0x4e9]
    [GPU] Launching 256 blocks x 256 threads...
    [GPU] Best: thread 0 fitness=60.27
    Security: fragility=14.2% worst=60.27 avg_muts=3938 [FRAGILE!]
    no improvement (60.27)
  [20/64] os_bus_cap_check               8 instrs [0x06f9-0x0710] → 150K iters
    [GPU] 65536 threads x 150000 iters = 9830.4M evals | range [0x6f9-0x710]
    [GPU] Launching 256 blocks x 256 threads...
    [GPU] Best: thread 7 fitness=60.32
    Security: fragility=15.2% worst=59.55 avg_muts=8485 [FRAGILE!] [CRITICAL VULNERABILITY]
    Optimize: 60.27 → 60.32 (+0.05, +0.08%)
    ACCEPTED ✓ (cumulative fitness: 60.32)
  [21/64] os_debug_space                 8 instrs [0x0848-0x085c] → 150K iters
    [GPU] 65536 threads x 150000 iters = 9830.4M evals | range [0x848-0x85c]
    [GPU] Launching 256 blocks x 256 threads...
    [GPU] Best: thread 0 fitness=60.36
    Security: fragility=15.1% worst=59.62 avg_muts=1640 [FRAGILE!] [CRITICAL VULNERABILITY]
    Optimize: 60.32 → 60.36 (+0.04, +0.07%)
    ACCEPTED ✓ (cumulative fitness: 60.36)
  [22/64] init_net                       7 instrs [0x050b-0x0530] → 50K iters
    [GPU] 65536 threads x 50000 iters = 3276.8M evals | range [0x50b-0x530]
    [GPU] Launching 256 blocks x 256 threads...
    [GPU] Best: thread 0 fitness=60.38
    Security: fragility=15.0% worst=59.68 avg_muts=905 [FRAGILE!] [CRITICAL VULNERABILITY]
    Optimize: 60.36 → 60.38 (+0.02, +0.04%)
    ACCEPTED ✓ (cumulative fitness: 60.38)
  [23/64] b_output_serial_send           7 instrs [0x09a7-0x09b4] → 50K iters
    [GPU] 65536 threads x 50000 iters = 3276.8M evals | range [0x9a7-0x9b4]
    [GPU] Launching 256 blocks x 256 threads...
    [GPU] Best: thread 10 fitness=60.49
    Security: fragility=15.0% worst=59.69 avg_muts=876 [FRAGILE!] [CRITICAL VULNERABILITY]
    Optimize: 60.38 → 60.49 (+0.11, +0.18%)
    ACCEPTED ✓ (cumulative fitness: 60.49)
  [24/64] init_net_probe_found_finish    7 instrs [0x05a9-0x05cf] → 50K iters
    [GPU] 65536 threads x 50000 iters = 3276.8M evals | range [0x5a9-0x5cf]
    [GPU] Launching 256 blocks x 256 threads...
    [GPU] Best: thread 0 fitness=60.49
    Security: fragility=13.9% worst=60.47 avg_muts=1151 [FRAGILE!]
    no improvement (60.49)
  [25/64] init_sys                       7 instrs [0x05f4-0x0619] → 50K iters
    [GPU] 65536 threads x 50000 iters = 3276.8M evals | range [0x5f4-0x619]
    [GPU] Launching 256 blocks x 256 threads...
    [GPU] Best: thread 0 fitness=60.49
    Security: fragility=14.9% worst=59.78 avg_muts=296 [FRAGILE!]
    no improvement (60.49)
  [26/64] os_debug_dump_mem_done         7 instrs [0x082b-0x0834] → 50K iters
    [GPU] 65536 threads x 50000 iters = 3276.8M evals | range [0x82b-0x834]
    [GPU] Launching 256 blocks x 256 threads...
    [GPU] Best: thread 0 fitness=60.49
    Security: fragility=13.9% worst=60.49 avg_muts=0 [DEAD CODE?] [FRAGILE!]
    no improvement (60.49)
  [27/64] init_net_probe_find_next_device 6 instrs [0x0579-0x0588] → 50K iters
    [GPU] 65536 threads x 50000 iters = 3276.8M evals | range [0x579-0x588]
    [GPU] Launching 256 blocks x 256 threads...
    [GPU] Best: thread 4 fitness=60.53
    Security: fragility=14.9% worst=59.80 avg_muts=2566 [FRAGILE!]
    Optimize: 60.49 → 60.53 (+0.04, +0.06%)
    ACCEPTED ✓ (cumulative fitness: 60.53)
  [28/64] os_debug_newline               6 instrs [0x0834-0x0848] → 50K iters
    [GPU] 65536 threads x 50000 iters = 3276.8M evals | range [0x834-0x848]
    [GPU] Launching 256 blocks x 256 threads...
    [GPU] Best: thread 0 fitness=60.58
    Security: fragility=14.7% worst=59.87 avg_muts=547 [FRAGILE!]
    Optimize: 60.53 → 60.58 (+0.05, +0.08%)
    ACCEPTED ✓ (cumulative fitness: 60.58)
  [29/64] init_net_probe_found           6 instrs [0x0588-0x059b] → 50K iters
    [GPU] 65536 threads x 50000 iters = 3276.8M evals | range [0x588-0x59b]
    [GPU] Launching 256 blocks x 256 threads...
    [GPU] Best: thread 2 fitness=60.59
    Security: fragility=14.7% worst=59.87 avg_muts=2303 [FRAGILE!]
    Optimize: 60.58 → 60.59 (+0.01, +0.02%)
    ACCEPTED ✓ (cumulative fitness: 60.59)
  [30/64] os_bus_read_bar_32bit          6 instrs [0x06e4-0x06f0] → 50K iters
    [GPU] 65536 threads x 50000 iters = 3276.8M evals | range [0x6e4-0x6f0]
    [GPU] Launching 256 blocks x 256 threads...
    [GPU] Best: thread 1 fitness=60.61
    Security: fragility=14.0% worst=60.31 avg_muts=3776 [FRAGILE!]
    Optimize: 60.59 → 60.61 (+0.01, +0.02%)
    ACCEPTED ✓ (cumulative fitness: 60.61)
  [31/64] init_net_probe_find_next_driver 6 instrs [0x056a-0x0579] → 50K iters
    [GPU] 65536 threads x 50000 iters = 3276.8M evals | range [0x56a-0x579]
    [GPU] Launching 256 blocks x 256 threads...
    [GPU] Best: thread 535 fitness=60.66
    Security: fragility=14.6% worst=59.92 avg_muts=2300 [FRAGILE!]
    Optimize: 60.61 → 60.66 (+0.05, +0.08%)
    ACCEPTED ✓ (cumulative fitness: 60.66)
  [32/64] init_net_probe_not_found       5 instrs [0x05cf-0x05e4] → 50K iters
    [GPU] 65536 threads x 50000 iters = 3276.8M evals | range [0x5cf-0x5e4]
    [GPU] Launching 256 blocks x 256 threads...
    [GPU] Best: thread 8 fitness=60.72
    Security: fragility=14.5% worst=59.93 avg_muts=1563 [FRAGILE!]
    Optimize: 60.66 → 60.72 (+0.06, +0.10%)
    ACCEPTED ✓ (cumulative fitness: 60.72)
  [33/64] os_bus_read_bar_io             5 instrs [0x06f0-0x06f9] → 50K iters
    [GPU] 65536 threads x 50000 iters = 3276.8M evals | range [0x6f0-0x6f9]
    [GPU] Launching 256 blocks x 256 threads...
    [GPU] Best: thread 0 fitness=60.72
    Security: fragility=13.4% worst=60.72 avg_muts=3819 [FRAGILE!]
    no improvement (60.72)
  [34/64] init_net_end                   5 instrs [0x05cf-0x05e4] → 50K iters
    [GPU] 65536 threads x 50000 iters = 3276.8M evals | range [0x5cf-0x5e4]
    [GPU] Launching 256 blocks x 256 threads...
    [GPU] Best: thread 0 fitness=60.72
    Security: fragility=13.5% worst=60.69 avg_muts=1562 [FRAGILE!]
    no improvement (60.72)
  [35/64] os_bus_cap_check_next          5 instrs [0x0710-0x071e] → 50K iters
    [GPU] 65536 threads x 50000 iters = 3276.8M evals | range [0x710-0x71e]
    [GPU] Launching 256 blocks x 256 threads...
    [GPU] Best: thread 4 fitness=60.80
    Security: fragility=14.4% worst=60.01 avg_muts=3702 [FRAGILE!]
    Optimize: 60.72 → 60.80 (+0.09, +0.14%)
    ACCEPTED ✓ (cumulative fitness: 60.80)
  [36/64] init_nvs_done                  5 instrs [0x04f6-0x050b] → 50K iters
    [GPU] 65536 threads x 50000 iters = 3276.8M evals | range [0x4f6-0x50b]
    [GPU] Launching 256 blocks x 256 threads...
    [GPU] Best: thread 0 fitness=60.87
    Security: fragility=14.3% worst=60.09 avg_muts=1562 [FRAGILE!]
    Optimize: 60.80 → 60.87 (+0.07, +0.11%)
    ACCEPTED ✓ (cumulative fitness: 60.87)
  [37/64] os_debug_dump_eax              5 instrs [0x0753-0x0769] → 50K iters
    [GPU] 65536 threads x 50000 iters = 3276.8M evals | range [0x753-0x769]
    [GPU] Launching 256 blocks x 256 threads...
    [GPU] Best: thread 2 fitness=60.88
    Security: fragility=14.2% worst=60.16 avg_muts=2486 [FRAGILE!]
    Optimize: 60.87 → 60.88 (+0.01, +0.02%)
    ACCEPTED ✓ (cumulative fitness: 60.88)
  [38/64] init_sys_done                  5 instrs [0x0619-0x062e] → 50K iters
    [GPU] 65536 threads x 50000 iters = 3276.8M evals | range [0x619-0x62e]
    [GPU] Launching 256 blocks x 256 threads...
    [GPU] Best: thread 1 fitness=60.96
    Security: fragility=14.2% worst=60.16 avg_muts=1563 [FRAGILE!]
    Optimize: 60.88 → 60.96 (+0.08, +0.13%)
    ACCEPTED ✓ (cumulative fitness: 60.96)
  [39/64] b_net_config_end               5 instrs [0x0a0c-0x0a11] → 50K iters
    [GPU] 65536 threads x 50000 iters = 3276.8M evals | range [0xa0c-0xa11]
    [GPU] Launching 256 blocks x 256 threads...
    [GPU] Best: thread 0 fitness=60.96
    Security: fragility=13.1% worst=60.96 avg_muts=0 [DEAD CODE?] [FRAGILE!]
    no improvement (60.96)
  [40/64] init_nvs                       5 instrs [0x04b9-0x04d0] → 50K iters
    [GPU] 65536 threads x 50000 iters = 3276.8M evals | range [0x4b9-0x4d0]
    [GPU] Launching 256 blocks x 256 threads...
    [GPU] Best: thread 0 fitness=60.99
    Security: fragility=14.1% worst=60.24 avg_muts=1427 [FRAGILE!]
    Optimize: 60.96 → 60.99 (+0.03, +0.05%)
    ACCEPTED ✓ (cumulative fitness: 60.99)
  [41/64] init_nvs_virtio_blk            4 instrs [0x04e9-0x04f6] → 50K iters
    [GPU] 65536 threads x 50000 iters = 3276.8M evals | range [0x4e9-0x4f6]
    [GPU] Launching 256 blocks x 256 threads...
    [GPU] Best: thread 3 fitness=61.03
    Security: fragility=14.1% worst=60.28 avg_muts=1683 [FRAGILE!]
    Optimize: 60.99 → 61.03 (+0.04, +0.06%)
    ACCEPTED ✓ (cumulative fitness: 61.03)
  [42/64] b_input                        4 instrs [0x0977-0x098a] → 50K iters
    [GPU] 65536 threads x 50000 iters = 3276.8M evals | range [0x977-0x98a]
    [GPU] Launching 256 blocks x 256 threads...
    [GPU] Best: thread 17 fitness=61.08
    Security: fragility=14.0% worst=60.36 avg_muts=1151 [FRAGILE!]
    Optimize: 61.03 → 61.08 (+0.05, +0.08%)
    ACCEPTED ✓ (cumulative fitness: 61.08)
  [43/64] os_debug_dump_ax               3 instrs [0x0769-0x0776] → 50K iters
    [GPU] 65536 threads x 50000 iters = 3276.8M evals | range [0x769-0x776]
    [GPU] Launching 256 blocks x 256 threads...
    [GPU] Best: thread 1 fitness=61.14
    Security: fragility=14.0% worst=60.36 avg_muts=2524 [FRAGILE!]
    Optimize: 61.08 → 61.14 (+0.06, +0.10%)
    ACCEPTED ✓ (cumulative fitness: 61.14)
  [44/64] os_bus_cap_check_error         3 instrs [0x0725-0x0728] → 50K iters
    [GPU] 65536 threads x 50000 iters = 3276.8M evals | range [0x725-0x728]
    [GPU] Launching 256 blocks x 256 threads...
    [GPU] Best: thread 0 fitness=61.14
    Security: fragility=12.9% worst=61.14 avg_muts=0 [DEAD CODE?] [FRAGILE!]
    no improvement (61.14)
  [45/64] os_bus_cap_check_done          3 instrs [0x0728-0x072b] → 50K iters
    [GPU] 65536 threads x 50000 iters = 3276.8M evals | range [0x728-0x72b]
    [GPU] Launching 256 blocks x 256 threads...
    [GPU] Best: thread 0 fitness=61.14
    Security: fragility=12.9% worst=61.14 avg_muts=0 [DEAD CODE?] [FRAGILE!]
    no improvement (61.14)
  [46/64] b_net_status_end               3 instrs [0x09e4-0x09e7] → 50K iters
    [GPU] 65536 threads x 50000 iters = 3276.8M evals | range [0x9e4-0x9e7]
    [GPU] Launching 256 blocks x 256 threads...
    [GPU] Best: thread 0 fitness=61.14
    Security: fragility=12.9% worst=61.14 avg_muts=0 [DEAD CODE?] [FRAGILE!]
    no improvement (61.14)
  [47/64] init_hid_done                  3 instrs [0x05e9-0x05f4] → 50K iters
    [GPU] 65536 threads x 50000 iters = 3276.8M evals | range [0x5e9-0x5f4]
    [GPU] Launching 256 blocks x 256 threads...
    [GPU] Best: thread 0 fitness=61.22
    Security: fragility=13.9% worst=60.41 avg_muts=1989 [FRAGILE!]
    Optimize: 61.14 → 61.22 (+0.08, +0.13%)
    ACCEPTED ✓ (cumulative fitness: 61.22)
  [48/64] os_bus_cap_check_next_offset   3 instrs [0x071e-0x0725] → 50K iters
    [GPU] 65536 threads x 50000 iters = 3276.8M evals | range [0x71e-0x725]
    [GPU] Launching 256 blocks x 256 threads...
    [GPU] Best: thread 0 fitness=61.22
    Security: fragility=12.8% worst=61.22 avg_muts=3125 [FRAGILE!]
    no improvement (61.22)
  [49/64] b_output_serial                3 instrs [0x0992-0x0995] → 50K iters
    [GPU] 65536 threads x 50000 iters = 3276.8M evals | range [0x992-0x995]
    [GPU] Launching 256 blocks x 256 threads...
    [GPU] Best: thread 0 fitness=61.22
    Security: fragility=12.8% worst=61.22 avg_muts=0 [DEAD CODE?] [FRAGILE!]
    no improvement (61.22)
  [50/64] b_net_tx_fail                  3 instrs [0x0a65-0x0a68] → 50K iters
    [GPU] 65536 threads x 50000 iters = 3276.8M evals | range [0xa65-0xa68]
    [GPU] Launching 256 blocks x 256 threads...
    [GPU] Best: thread 0 fitness=61.22
    Security: fragility=12.8% worst=61.22 avg_muts=0 [DEAD CODE?] [FRAGILE!]
    no improvement (61.22)
  [51/64] init_net_probe_found_e1000     SKIP (too small)
  [52/64] os_bus_read                    SKIP (too small)
  [53/64] os_bus_write                   SKIP (too small)
  [54/64] b_output_serial_decrement      SKIP (too small)
  [55/64] init_net_probe_found_virtio    SKIP (too small)
  [56/64] os_bus_write_pcie              SKIP (too small)
  [57/64] os_debug_dump_mem_done_newline SKIP (too small)
  [58/64] os_bus_write_pci               SKIP (too small)
  [59/64] os_bus_read_pcie               SKIP (too small)
  [60/64] os_bus_read_pci                SKIP (too small)
  [61/64] init_hid                       SKIP (too small)
  [62/64] b_input_no_key                 SKIP (too small)
  [63/64] b_output                       SKIP (too small)
  [64/64] nextline                       SKIP (too small)

  ╔══════════════════════════════════════════════════════════════╗
  ║              SECURITY & VULNERABILITY REPORT                ║
  ╚══════════════════════════════════════════════════════════════╝

  Summary: 50 analyzed | 13 critical | 37 fragile | 0 robust | 8 dead code

  🔴 CRITICAL (>15% fitness drop from single mutation):
     os_bus_read_bar                fragility= 16.6% (51 instrs, 142 bytes)
     os_debug_block                 fragility= 16.2% (33 instrs, 107 bytes)
     os_debug_dump_al               fragility= 16.1% (26 instrs, 80 bytes)
     b_net_tx                       fragility= 16.0% (23 instrs, 84 bytes)
     nextchar                       fragility= 16.0% (19 instrs, 53 bytes)
     os_debug_dump_mem              fragility= 15.8% (15 instrs, 41 bytes)
     os_debug_block_nextline        fragility= 15.4% (12 instrs, 24 bytes)
     os_debug_dump_rax              fragility= 15.3% (9 instrs, 40 bytes)
     os_bus_cap_check               fragility= 15.2% (8 instrs, 23 bytes)
     os_debug_string                fragility= 15.1% (16 instrs, 35 bytes)
     os_debug_space                 fragility= 15.1% (8 instrs, 20 bytes)
     init_net                       fragility= 15.0% (7 instrs, 37 bytes)
     b_output_serial_send           fragility= 15.0% (7 instrs, 13 bytes)

  🟡 FRAGILE (5-15% fitness drop):
     b_nvs_read_sector              fragility= 15.0% (13 instrs, 39 bytes)
     b_net_config                   fragility= 14.9% (13 instrs, 37 bytes)
     init_sys                       fragility= 14.9% (7 instrs, 37 bytes)
     init_net_probe_find_next_device fragility= 14.9% (6 instrs, 15 bytes)
     b_nvs_write_sector             fragility= 14.8% (13 instrs, 39 bytes)
     b_net_status                   fragility= 14.8% (14 instrs, 44 bytes)
     os_debug_newline               fragility= 14.7% (6 instrs, 20 bytes)
     init_net_probe_found           fragility= 14.7% (6 instrs, 19 bytes)
     init_net_probe_find_next_driver fragility= 14.6% (6 instrs, 15 bytes)
     init_net_probe_not_found       fragility= 14.5% (5 instrs, 21 bytes)
     os_bus_cap_check_next          fragility= 14.4% (5 instrs, 14 bytes)
     init_nvs_done                  fragility= 14.3% (5 instrs, 21 bytes)
     b_nvs_write                    fragility= 14.3% (10 instrs, 21 bytes)
     os_debug_dump_eax              fragility= 14.2% (5 instrs, 22 bytes)
     init_sys_done                  fragility= 14.2% (5 instrs, 21 bytes)
     init_net_probe_find_driver     fragility= 14.2% (8 instrs, 29 bytes)
     init_net_check_bus             fragility= 14.2% (8 instrs, 29 bytes)
     b_nvs_read                     fragility= 14.2% (9 instrs, 18 bytes)
     b_output_serial_next           fragility= 14.2% (8 instrs, 18 bytes)
     init_nvs_check_bus             fragility= 14.2% (8 instrs, 25 bytes)
     init_nvs                       fragility= 14.1% (5 instrs, 23 bytes)
     init_nvs_virtio_blk            fragility= 14.1% (4 instrs, 13 bytes)
     os_bus_read_bar_32bit          fragility= 14.0% (6 instrs, 12 bytes)
     b_input                        fragility= 14.0% (4 instrs, 19 bytes)
     os_debug_dump_ax               fragility= 14.0% (3 instrs, 13 bytes)
     init_hid_done                  fragility= 13.9% (3 instrs, 11 bytes)
     init_net_probe_found_finish    fragility= 13.9% (7 instrs, 38 bytes)
     os_debug_dump_mem_done         fragility= 13.9% (7 instrs, 9 bytes)
     init_net_end                   fragility= 13.5% (5 instrs, 21 bytes)
     os_bus_read_bar_io             fragility= 13.4% (5 instrs, 9 bytes)
     b_net_config_end               fragility= 13.1% (5 instrs, 5 bytes)
     os_bus_cap_check_done          fragility= 12.9% (3 instrs, 3 bytes)
     b_net_status_end               fragility= 12.9% (3 instrs, 3 bytes)
     os_bus_cap_check_error         fragility= 12.9% (3 instrs, 3 bytes)
     os_bus_cap_check_next_offset   fragility= 12.8% (3 instrs, 7 bytes)
     b_output_serial                fragility= 12.8% (3 instrs, 3 bytes)
     b_net_tx_fail                  fragility= 12.8% (3 instrs, 3 bytes)

  ⚪ DEAD CODE (no mutations applied — possibly data or unreachable):
     b_output_serial_next           (8 instrs, 18 bytes)
     os_debug_dump_mem_done         (7 instrs, 9 bytes)
     b_net_config_end               (5 instrs, 5 bytes)
     os_bus_cap_check_done          (3 instrs, 3 bytes)
     b_net_status_end               (3 instrs, 3 bytes)
     os_bus_cap_check_error         (3 instrs, 3 bytes)
     b_output_serial                (3 instrs, 3 bytes)
     b_net_tx_fail                  (3 instrs, 3 bytes)

  🟢 MOST ROBUST (< 1% fitness drop):

  ── Optimization Results ──
    ✓ os_bus_read_bar                +0.52%
    ✓ os_debug_block                 +0.06%
    ✓ os_debug_dump_al               +0.07%
    ✓ nextchar                       +0.28%
    ✓ os_debug_dump_mem              +0.12%
    ✓ os_debug_block_nextline        +0.15%
    ✓ os_debug_dump_rax              +0.12%
    ✓ os_bus_cap_check               +0.08%
    ✓ os_debug_space                 +0.07%
    ✓ init_net                       +0.04%
    ✓ b_output_serial_send           +0.18%
    ✓ b_nvs_read_sector              +0.08%
    ✓ b_net_config                   +0.12%
    ✓ init_net_probe_find_next_device +0.06%
    ✓ b_nvs_write_sector             +0.08%
    ✓ b_net_status                   +0.02%
    ✓ os_debug_newline               +0.08%
    ✓ init_net_probe_found           +0.02%
    ✓ init_net_probe_find_next_driver +0.08%
    ✓ init_net_probe_not_found       +0.10%
    ✓ os_bus_cap_check_next          +0.14%
    ✓ init_nvs_done                  +0.11%
    ✓ os_debug_dump_eax              +0.02%
    ✓ init_sys_done                  +0.13%
    ✓ init_net_probe_find_driver     +0.02%
    ✓ init_nvs                       +0.05%
    ✓ init_nvs_virtio_blk            +0.06%
    ✓ os_bus_read_bar_32bit          +0.02%
    ✓ b_input                        +0.08%
    ✓ os_debug_dump_ax               +0.10%
    ✓ init_hid_done                  +0.13%

  ── Final QEMU Validation ──
  31 functions improved, testing evolved kernel...
QEMU 9.2.1 monitor - type 'help' for more information
(qemu) qemu-system-x86_64: terminating on signal 15 from pid 2845344 (sh)
  QEMU score: 0.0000

=== GPU Evolution Complete: storage ===
  Functions analyzed: 64
  Functions improved: 31
  Final GPU fitness: 61.22
  Breakthroughs: 0

========================================
Total breakthroughs: 0
Results saved to: experiment_b/results/
